7.966858673095703125e+01 7.465628051757812500e+01 5.841650772094726562e+01 6.912670898437500000e+01 6.085653305053710938e+01 9.286575317382812500e+01
8.563307952880859375e+01 6.718016815185546875e+01 5.883441925048828125e+01 6.997220611572265625e+01 6.936134338378906250e+01 7.864763641357421875e+01
9.273899841308593750e+01 6.012788772583007812e+01 6.689418792724609375e+01 6.278136062622070312e+01 7.141568756103515625e+01 8.824923706054687500e+01
9.525465393066406250e+01 5.660793685913085938e+01 6.024148559570312500e+01 6.978899383544921875e+01 6.040327835083007812e+01 8.406836700439453125e+01
8.295109558105468750e+01 7.029670715332031250e+01 4.973004150390625000e+01 6.993525695800781250e+01 6.610877227783203125e+01 8.682427215576171875e+01
6.678865814208984375e+01 6.656185913085937500e+01 7.030437469482421875e+01 5.729280471801757812e+01 7.349404907226562500e+01 8.140280151367187500e+01
7.168906402587890625e+01 6.364058303833007812e+01 6.097317886352539062e+01 6.825941467285156250e+01 6.408201599121093750e+01 9.381282043457031250e+01
6.329869842529296875e+01 8.973619842529296875e+01 5.882635498046875000e+01 6.112495040893554688e+01 7.198949432373046875e+01 9.350536346435546875e+01
6.701853942871093750e+01 6.994606781005859375e+01 6.023200607299804688e+01 5.927947616577148438e+01 6.833837127685546875e+01 1.056719665527343750e+02
6.893763732910156250e+01 7.219644927978515625e+01 6.547155761718750000e+01 5.772408294677734375e+01 7.054683685302734375e+01 9.278209686279296875e+01
7.163828277587890625e+01 7.240644836425781250e+01 5.457000732421875000e+01 5.819628906250000000e+01 7.071069335937500000e+01 1.030134963989257812e+02
8.590578460693359375e+01 6.613003540039062500e+01 5.429307174682617188e+01 5.976340866088867188e+01 7.076283264160156250e+01 1.068985900878906250e+02
8.520371246337890625e+01 5.923896408081054688e+01 5.470815277099609375e+01 6.073643112182617188e+01 6.265283584594726562e+01 1.211141891479492188e+02
7.368680572509765625e+01 6.297511291503906250e+01 6.698588562011718750e+01 6.560723876953125000e+01 4.784782791137695312e+01 1.374508819580078125e+02
6.692325592041015625e+01 6.839299011230468750e+01 7.091053771972656250e+01 5.220393753051757812e+01 5.241230773925781250e+01 1.278322448730468750e+02
7.673258209228515625e+01 6.884499359130859375e+01 4.949258804321289062e+01 6.081102371215820312e+01 6.034425354003906250e+01 1.428149566650390625e+02
7.566497802734375000e+01 6.091158294677734375e+01 6.863073730468750000e+01 6.633703613281250000e+01 4.981727218627929688e+01 1.425618743896484375e+02
7.853234100341796875e+01 6.906866455078125000e+01 5.153344345092773438e+01 7.061969757080078125e+01 5.024654388427734375e+01 1.354378356933593750e+02
7.727956390380859375e+01 6.010977172851562500e+01 5.333546447753906250e+01 6.904077911376953125e+01 5.462600326538085938e+01 1.311087341308593750e+02
7.368593597412109375e+01 6.673315429687500000e+01 5.363874435424804688e+01 7.525057220458984375e+01 5.214419937133789062e+01 1.351712341308593750e+02
